Watching for file changes with StatReloader
Not Found: /vendor/idb-keyval-iife.min.js
Not Found: /service-worker.js
Not Found: /vendor/idb-keyval-iife.min.js
Not Found: /service-worker.js
/app/ceuk-marking/settings.py changed, reloading.
Watching for file changes with StatReloader
Not Found: /service-worker.js
Not Found: /vendor/idb-keyval-iife.min.js
Not Found: /service-worker.js
Not Found: /vendor/idb-keyval-iife.min.js
/app/ceuk-marking/settings.py changed, reloading.
post
post
form not valid
post
form not valid
post
form not valid
post
form not valid
post
form not valid
<QueryDict: {'csrfmiddlewaretoken': ['HCSw7uGXV3SgYOrALge7ijaO6osnkQFIyxRaTNI4SqG73f95BMyWsDHpHu7FoNc0'], 'form-TOTAL_FORMS': ['4'], 'form-INITIAL_FORMS': ['4'], 'form-MIN_NUM_FORMS': ['0'], 'form-MAX_NUM_FORMS': ['1000'], 'form-0-option': ['88'], 'form-0-page_number': [''], 'form-0-evidence': [''], 'form-0-public_notes': [''], 'form-0-private_notes': [''], 'form-0-authority': ['2'], 'form-0-question': ['327'], 'form-1-option': [''], 'form-1-page_number': [''], 'form-1-evidence': [''], 'form-1-public_notes': [''], 'form-1-private_notes': [''], 'form-1-authority': ['2'], 'form-1-question': ['329'], 'form-2-option': [''], 'form-2-page_number': [''], 'form-2-evidence': [''], 'form-2-public_notes': [''], 'form-2-private_notes': [''], 'form-2-authority': ['2'], 'form-2-question': ['330'], 'form-3-option': [''], 'form-3-page_number': [''], 'form-3-evidence': [''], 'form-3-public_notes': [''], 'form-3-private_notes': [''], 'form-3-authority': ['2'], 'form-3-question': ['333']}>
post
form not valid
<QueryDict: {'csrfmiddlewaretoken': ['HCSw7uGXV3SgYOrALge7ijaO6osnkQFIyxRaTNI4SqG73f95BMyWsDHpHu7FoNc0'], 'form-TOTAL_FORMS': ['4'], 'form-INITIAL_FORMS': ['4'], 'form-MIN_NUM_FORMS': ['0'], 'form-MAX_NUM_FORMS': ['1000'], 'form-0-option': ['88'], 'form-0-page_number': [''], 'form-0-evidence': [''], 'form-0-public_notes': [''], 'form-0-private_notes': [''], 'form-0-authority': ['2'], 'form-0-question': ['327'], 'form-1-option': [''], 'form-1-page_number': [''], 'form-1-evidence': [''], 'form-1-public_notes': [''], 'form-1-private_notes': [''], 'form-1-authority': ['2'], 'form-1-question': ['329'], 'form-2-option': [''], 'form-2-page_number': [''], 'form-2-evidence': [''], 'form-2-public_notes': [''], 'form-2-private_notes': [''], 'form-2-authority': ['2'], 'form-2-question': ['330'], 'form-3-option': [''], 'form-3-page_number': [''], 'form-3-evidence': [''], 'form-3-public_notes': [''], 'form-3-private_notes': [''], 'form-3-authority': ['2'], 'form-3-question': ['333']}>
post
form not valid
<QueryDict: {'csrfmiddlewaretoken': ['HCSw7uGXV3SgYOrALge7ijaO6osnkQFIyxRaTNI4SqG73f95BMyWsDHpHu7FoNc0'], 'form-TOTAL_FORMS': ['4'], 'form-INITIAL_FORMS': ['4'], 'form-MIN_NUM_FORMS': ['0'], 'form-MAX_NUM_FORMS': ['1000'], 'form-0-option': ['88'], 'form-0-page_number': [''], 'form-0-evidence': [''], 'form-0-public_notes': [''], 'form-0-private_notes': [''], 'form-0-authority': ['2'], 'form-0-question': ['327'], 'form-1-option': [''], 'form-1-page_number': [''], 'form-1-evidence': [''], 'form-1-public_notes': [''], 'form-1-private_notes': [''], 'form-1-authority': ['2'], 'form-1-question': ['329'], 'form-2-option': [''], 'form-2-page_number': [''], 'form-2-evidence': [''], 'form-2-public_notes': [''], 'form-2-private_notes': [''], 'form-2-authority': ['2'], 'form-2-question': ['330'], 'form-3-option': [''], 'form-3-page_number': [''], 'form-3-evidence': [''], 'form-3-public_notes': [''], 'form-3-private_notes': [''], 'form-3-authority': ['2'], 'form-3-question': ['333']}>
post
form not valid
<QueryDict: {'csrfmiddlewaretoken': ['HCSw7uGXV3SgYOrALge7ijaO6osnkQFIyxRaTNI4SqG73f95BMyWsDHpHu7FoNc0'], 'form-TOTAL_FORMS': ['4'], 'form-INITIAL_FORMS': ['4'], 'form-MIN_NUM_FORMS': ['0'], 'form-MAX_NUM_FORMS': ['1000'], 'form-0-option': ['88'], 'form-0-page_number': [''], 'form-0-evidence': [''], 'form-0-public_notes': [''], 'form-0-private_notes': [''], 'form-0-authority': ['2'], 'form-0-question': ['327'], 'form-1-option': [''], 'form-1-page_number': [''], 'form-1-evidence': [''], 'form-1-public_notes': [''], 'form-1-private_notes': [''], 'form-1-authority': ['2'], 'form-1-question': ['329'], 'form-2-option': [''], 'form-2-page_number': [''], 'form-2-evidence': [''], 'form-2-public_notes': [''], 'form-2-private_notes': [''], 'form-2-authority': ['2'], 'form-2-question': ['330'], 'form-3-option': [''], 'form-3-page_number': [''], 'form-3-evidence': [''], 'form-3-public_notes': [''], 'form-3-private_notes': [''], 'form-3-authority': ['2'], 'form-3-question': ['333']}>
post
form not valid
<QueryDict: {'csrfmiddlewaretoken': ['HCSw7uGXV3SgYOrALge7ijaO6osnkQFIyxRaTNI4SqG73f95BMyWsDHpHu7FoNc0'], 'form-TOTAL_FORMS': ['4'], 'form-INITIAL_FORMS': ['4'], 'form-MIN_NUM_FORMS': ['0'], 'form-MAX_NUM_FORMS': ['1000'], 'form-0-option': ['88'], 'form-0-page_number': [''], 'form-0-evidence': [''], 'form-0-public_notes': [''], 'form-0-private_notes': [''], 'form-0-authority': ['2'], 'form-0-question': ['327'], 'form-1-option': [''], 'form-1-page_number': [''], 'form-1-evidence': [''], 'form-1-public_notes': [''], 'form-1-private_notes': [''], 'form-1-authority': ['2'], 'form-1-question': ['329'], 'form-2-option': [''], 'form-2-page_number': [''], 'form-2-evidence': [''], 'form-2-public_notes': [''], 'form-2-private_notes': [''], 'form-2-authority': ['2'], 'form-2-question': ['330'], 'form-3-option': [''], 'form-3-page_number': [''], 'form-3-evidence': [''], 'form-3-public_notes': [''], 'form-3-private_notes': [''], 'form-3-authority': ['2'], 'form-3-question': ['333']}>
form is valid
<QueryDict: {'csrfmiddlewaretoken': ['huNFXIMbqajxr7PCRMnhX9zT9pOrYK9z8pMjJ1Oinx7owyx7HiH67t6uKvtJ2HGR'], 'form-TOTAL_FORMS': ['4'], 'form-INITIAL_FORMS': ['4'], 'form-MIN_NUM_FORMS': ['0'], 'form-MAX_NUM_FORMS': ['1000'], 'form-0-option': ['89'], 'form-0-page_number': [''], 'form-0-evidence': [''], 'form-0-public_notes': [''], 'form-0-private_notes': ['adfasdfasdfads'], 'form-0-authority': ['2'], 'form-0-question': ['327'], 'form-1-option': [''], 'form-1-page_number': [''], 'form-1-evidence': [''], 'form-1-public_notes': [''], 'form-1-private_notes': [''], 'form-1-authority': ['2'], 'form-1-question': ['329'], 'form-2-option': [''], 'form-2-page_number': [''], 'form-2-evidence': [''], 'form-2-public_notes': [''], 'form-2-private_notes': [''], 'form-2-authority': ['2'], 'form-2-question': ['330'], 'form-3-option': [''], 'form-3-page_number': [''], 'form-3-evidence': [''], 'form-3-public_notes': [''], 'form-3-private_notes': [''], 'form-3-authority': ['2'], 'form-3-question': ['333']}>
save form form-0
form not valid [{}, {'public_notes': ['This field is required'], 'page_number': ['This field is required'], 'evidence': ['This field is required'], 'private_notes': ['This field is required']}, {}, {}]
<QueryDict: {'csrfmiddlewaretoken': ['xWYnBOtWv8zyLmnrWeDxXuCd3x5wOBPloRX1n7v3svnpQN5WMKXm7O9OEDKOSymD'], 'form-TOTAL_FORMS': ['4'], 'form-INITIAL_FORMS': ['4'], 'form-MIN_NUM_FORMS': ['0'], 'form-MAX_NUM_FORMS': ['1000'], 'form-0-option': ['89'], 'form-0-page_number': [''], 'form-0-evidence': [''], 'form-0-public_notes': [''], 'form-0-private_notes': ['adfasdfasdfads'], 'form-0-authority': ['2'], 'form-0-question': ['327'], 'form-1-option': ['90'], 'form-1-page_number': [''], 'form-1-evidence': [''], 'form-1-public_notes': [''], 'form-1-private_notes': [''], 'form-1-authority': ['2'], 'form-1-question': ['329'], 'form-2-option': [''], 'form-2-page_number': [''], 'form-2-evidence': [''], 'form-2-public_notes': [''], 'form-2-private_notes': [''], 'form-2-authority': ['2'], 'form-2-question': ['330'], 'form-3-option': [''], 'form-3-page_number': [''], 'form-3-evidence': [''], 'form-3-public_notes': [''], 'form-3-private_notes': [''], 'form-3-authority': ['2'], 'form-3-question': ['333']}>
form post from struan@mysociety.org
form not valid [{}, {'public_notes': ['This field is required'], 'page_number': ['This field is required'], 'evidence': ['This field is required'], 'private_notes': ['This field is required']}, {}, {}]
<QueryDict: {'csrfmiddlewaretoken': ['xWYnBOtWv8zyLmnrWeDxXuCd3x5wOBPloRX1n7v3svnpQN5WMKXm7O9OEDKOSymD'], 'form-TOTAL_FORMS': ['4'], 'form-INITIAL_FORMS': ['4'], 'form-MIN_NUM_FORMS': ['0'], 'form-MAX_NUM_FORMS': ['1000'], 'form-0-option': ['89'], 'form-0-page_number': [''], 'form-0-evidence': [''], 'form-0-public_notes': [''], 'form-0-private_notes': ['adfasdfasdfads'], 'form-0-authority': ['2'], 'form-0-question': ['327'], 'form-1-option': ['90'], 'form-1-page_number': [''], 'form-1-evidence': [''], 'form-1-public_notes': [''], 'form-1-private_notes': [''], 'form-1-authority': ['2'], 'form-1-question': ['329'], 'form-2-option': [''], 'form-2-page_number': [''], 'form-2-evidence': [''], 'form-2-public_notes': [''], 'form-2-private_notes': [''], 'form-2-authority': ['2'], 'form-2-question': ['330'], 'form-3-option': [''], 'form-3-page_number': [''], 'form-3-evidence': [''], 'form-3-public_notes': [''], 'form-3-private_notes': [''], 'form-3-authority': ['2'], 'form-3-question': ['333']}>
form post from struan@mysociety.org
form not valid [{}, {'public_notes': ['This field is required'], 'page_number': ['This field is required'], 'evidence': ['This field is required'], 'private_notes': ['This field is required']}, {}, {}]
<QueryDict: {'csrfmiddlewaretoken': ['xWYnBOtWv8zyLmnrWeDxXuCd3x5wOBPloRX1n7v3svnpQN5WMKXm7O9OEDKOSymD'], 'form-TOTAL_FORMS': ['4'], 'form-INITIAL_FORMS': ['4'], 'form-MIN_NUM_FORMS': ['0'], 'form-MAX_NUM_FORMS': ['1000'], 'form-0-option': ['89'], 'form-0-page_number': [''], 'form-0-evidence': [''], 'form-0-public_notes': [''], 'form-0-private_notes': ['adfasdfasdfads'], 'form-0-authority': ['2'], 'form-0-question': ['327'], 'form-1-option': ['90'], 'form-1-page_number': [''], 'form-1-evidence': [''], 'form-1-public_notes': [''], 'form-1-private_notes': [''], 'form-1-authority': ['2'], 'form-1-question': ['329'], 'form-2-option': [''], 'form-2-page_number': [''], 'form-2-evidence': [''], 'form-2-public_notes': [''], 'form-2-private_notes': [''], 'form-2-authority': ['2'], 'form-2-question': ['330'], 'form-3-option': [''], 'form-3-page_number': [''], 'form-3-evidence': [''], 'form-3-public_notes': [''], 'form-3-private_notes': [''], 'form-3-authority': ['2'], 'form-3-question': ['333']}>
DEBUG 2023-02-02 12:34:42,365 form post from struan@mysociety.org
DEBUG 2023-02-02 12:34:42,410 form not valid [{}, {'public_notes': ['This field is required'], 'page_number': ['This field is required'], 'evidence': ['This field is required'], 'private_notes': ['This field is required']}, {}, {}]
DEBUG 2023-02-02 12:34:42,411 <QueryDict: {'csrfmiddlewaretoken': ['xWYnBOtWv8zyLmnrWeDxXuCd3x5wOBPloRX1n7v3svnpQN5WMKXm7O9OEDKOSymD'], 'form-TOTAL_FORMS': ['4'], 'form-INITIAL_FORMS': ['4'], 'form-MIN_NUM_FORMS': ['0'], 'form-MAX_NUM_FORMS': ['1000'], 'form-0-option': ['89'], 'form-0-page_number': [''], 'form-0-evidence': [''], 'form-0-public_notes': [''], 'form-0-private_notes': ['adfasdfasdfads'], 'form-0-authority': ['2'], 'form-0-question': ['327'], 'form-1-option': ['90'], 'form-1-page_number': [''], 'form-1-evidence': [''], 'form-1-public_notes': [''], 'form-1-private_notes': [''], 'form-1-authority': ['2'], 'form-1-question': ['329'], 'form-2-option': [''], 'form-2-page_number': [''], 'form-2-evidence': [''], 'form-2-public_notes': [''], 'form-2-private_notes': [''], 'form-2-authority': ['2'], 'form-2-question': ['330'], 'form-3-option': [''], 'form-3-page_number': [''], 'form-3-evidence': [''], 'form-3-public_notes': [''], 'form-3-private_notes': [''], 'form-3-authority': ['2'], 'form-3-question': ['333']}>
DEBUG 2023-02-02 13:44:05,748 form post from struan@mysociety.org for Aberdeenshire Council/Biodiversity
DEBUG 2023-02-02 13:44:05,805 form not valid [{}, {'public_notes': ['This field is required'], 'page_number': ['This field is required'], 'evidence': ['This field is required'], 'private_notes': ['This field is required']}, {}, {}]
DEBUG 2023-02-02 13:44:05,807 <QueryDict: {'csrfmiddlewaretoken': ['xWYnBOtWv8zyLmnrWeDxXuCd3x5wOBPloRX1n7v3svnpQN5WMKXm7O9OEDKOSymD'], 'form-TOTAL_FORMS': ['4'], 'form-INITIAL_FORMS': ['4'], 'form-MIN_NUM_FORMS': ['0'], 'form-MAX_NUM_FORMS': ['1000'], 'form-0-option': ['89'], 'form-0-page_number': [''], 'form-0-evidence': [''], 'form-0-public_notes': [''], 'form-0-private_notes': ['adfasdfasdfads'], 'form-0-authority': ['2'], 'form-0-question': ['327'], 'form-1-option': ['90'], 'form-1-page_number': [''], 'form-1-evidence': [''], 'form-1-public_notes': [''], 'form-1-private_notes': [''], 'form-1-authority': ['2'], 'form-1-question': ['329'], 'form-2-option': [''], 'form-2-page_number': [''], 'form-2-evidence': [''], 'form-2-public_notes': [''], 'form-2-private_notes': [''], 'form-2-authority': ['2'], 'form-2-question': ['330'], 'form-3-option': [''], 'form-3-page_number': [''], 'form-3-evidence': [''], 'form-3-public_notes': [''], 'form-3-private_notes': [''], 'form-3-authority': ['2'], 'form-3-question': ['333']}>
DEBUG 2023-02-02 13:45:30,232 form post from struan@mysociety.org for Aberdeenshire Council/Biodiversity
DEBUG 2023-02-02 13:45:30,234 post data is <QueryDict: {'csrfmiddlewaretoken': ['xWYnBOtWv8zyLmnrWeDxXuCd3x5wOBPloRX1n7v3svnpQN5WMKXm7O9OEDKOSymD'], 'form-TOTAL_FORMS': ['4'], 'form-INITIAL_FORMS': ['4'], 'form-MIN_NUM_FORMS': ['0'], 'form-MAX_NUM_FORMS': ['1000'], 'form-0-option': ['89'], 'form-0-page_number': [''], 'form-0-evidence': [''], 'form-0-public_notes': [''], 'form-0-private_notes': ['adfasdfasdfads'], 'form-0-authority': ['2'], 'form-0-question': ['327'], 'form-1-option': ['90'], 'form-1-page_number': [''], 'form-1-evidence': [''], 'form-1-public_notes': [''], 'form-1-private_notes': [''], 'form-1-authority': ['2'], 'form-1-question': ['329'], 'form-2-option': [''], 'form-2-page_number': [''], 'form-2-evidence': [''], 'form-2-public_notes': [''], 'form-2-private_notes': [''], 'form-2-authority': ['2'], 'form-2-question': ['330'], 'form-3-option': [''], 'form-3-page_number': [''], 'form-3-evidence': [''], 'form-3-public_notes': [''], 'form-3-private_notes': [''], 'form-3-authority': ['2'], 'form-3-question': ['333']}>
DEBUG 2023-02-02 13:45:30,295 form not valid, errors are [{}, {'public_notes': ['This field is required'], 'page_number': ['This field is required'], 'evidence': ['This field is required'], 'private_notes': ['This field is required']}, {}, {}]
DEBUG 2023-02-02 13:46:03,774 form post from struan@mysociety.org for Aberdeenshire Council/Biodiversity
DEBUG 2023-02-02 13:46:03,776 post data is <QueryDict: {'csrfmiddlewaretoken': ['xWYnBOtWv8zyLmnrWeDxXuCd3x5wOBPloRX1n7v3svnpQN5WMKXm7O9OEDKOSymD'], 'form-TOTAL_FORMS': ['4'], 'form-INITIAL_FORMS': ['4'], 'form-MIN_NUM_FORMS': ['0'], 'form-MAX_NUM_FORMS': ['1000'], 'form-0-option': ['89'], 'form-0-page_number': [''], 'form-0-evidence': [''], 'form-0-public_notes': [''], 'form-0-private_notes': ['adfasdfasdfads'], 'form-0-authority': ['2'], 'form-0-question': ['327'], 'form-1-option': ['90'], 'form-1-page_number': [''], 'form-1-evidence': [''], 'form-1-public_notes': [''], 'form-1-private_notes': [''], 'form-1-authority': ['2'], 'form-1-question': ['329'], 'form-2-option': [''], 'form-2-page_number': [''], 'form-2-evidence': [''], 'form-2-public_notes': [''], 'form-2-private_notes': [''], 'form-2-authority': ['2'], 'form-2-question': ['330'], 'form-3-option': [''], 'form-3-page_number': [''], 'form-3-evidence': [''], 'form-3-public_notes': [''], 'form-3-private_notes': [''], 'form-3-authority': ['2'], 'form-3-question': ['333']}>
DEBUG 2023-02-02 13:46:03,838 form NOT VALID, errors are [{}, {'public_notes': ['This field is required'], 'page_number': ['This field is required'], 'evidence': ['This field is required'], 'private_notes': ['This field is required']}, {}, {}]
DEBUG 2023-02-02 13:49:41,942 form post from struan@mysociety.org for Aberdeenshire Council/Biodiversity
DEBUG 2023-02-02 13:49:41,943 post data is <QueryDict: {'csrfmiddlewaretoken': ['6m9N1IdgCKJwbfep2AAuvx3itCuKQmvJXh8rN1fnz7xngGWUS6UjFRAT4I92Uj21'], 'form-TOTAL_FORMS': ['4'], 'form-INITIAL_FORMS': ['4'], 'form-MIN_NUM_FORMS': ['0'], 'form-MAX_NUM_FORMS': ['1000'], 'form-0-option': ['89'], 'form-0-page_number': [''], 'form-0-evidence': [''], 'form-0-public_notes': [''], 'form-0-private_notes': ['adfasdfasdfads'], 'form-0-authority': ['2'], 'form-0-question': ['327'], 'form-1-option': [''], 'form-1-page_number': [''], 'form-1-evidence': [''], 'form-1-public_notes': [''], 'form-1-private_notes': [''], 'form-1-authority': ['2'], 'form-1-question': ['329'], 'form-2-option': [''], 'form-2-page_number': [''], 'form-2-evidence': [''], 'form-2-public_notes': [''], 'form-2-private_notes': [''], 'form-2-authority': ['2'], 'form-2-question': ['330'], 'form-3-option': [''], 'form-3-page_number': [''], 'form-3-evidence': [''], 'form-3-public_notes': [''], 'form-3-private_notes': [''], 'form-3-authority': ['2'], 'form-3-question': ['333']}>
DEBUG 2023-02-02 13:49:42,000 form IS VALID
DEBUG 2023-02-02 13:49:42,014 saved form form-0
DEBUG 2023-02-02 13:49:42,016 did not save form form-1
DEBUG 2023-02-02 13:49:42,017 option is None, multi is <QuerySet []>
DEBUG 2023-02-02 13:49:42,019 did not save form form-2
DEBUG 2023-02-02 13:49:42,020 option is None, multi is <QuerySet []>
DEBUG 2023-02-02 13:49:42,022 did not save form form-3
DEBUG 2023-02-02 13:49:42,023 option is None, multi is <QuerySet []>
DEBUG 2023-02-02 13:50:11,894 form post from struan@mysociety.org for Aberdeenshire Council/Biodiversity
DEBUG 2023-02-02 13:50:11,897 post data is <QueryDict: {'csrfmiddlewaretoken': ['FlvJxKjaiXeRbSr44ZYro8FyEu4rduJlwgunj3lhfk2Igj9zUvigysc9fAJJhrgD'], 'form-TOTAL_FORMS': ['4'], 'form-INITIAL_FORMS': ['4'], 'form-MIN_NUM_FORMS': ['0'], 'form-MAX_NUM_FORMS': ['1000'], 'form-0-option': ['89'], 'form-0-page_number': [''], 'form-0-evidence': [''], 'form-0-public_notes': [''], 'form-0-private_notes': ['adfasdfasdfads'], 'form-0-authority': ['2'], 'form-0-question': ['327'], 'form-1-option': [''], 'form-1-page_number': [''], 'form-1-evidence': [''], 'form-1-public_notes': [''], 'form-1-private_notes': [''], 'form-1-authority': ['2'], 'form-1-question': ['329'], 'form-2-option': ['92'], 'form-2-page_number': ['1'], 'form-2-evidence': ['asdf'], 'form-2-public_notes': ['adsf'], 'form-2-private_notes': ['adsf'], 'form-2-authority': ['2'], 'form-2-question': ['330'], 'form-3-option': [''], 'form-3-page_number': [''], 'form-3-evidence': [''], 'form-3-public_notes': [''], 'form-3-private_notes': [''], 'form-3-authority': ['2'], 'form-3-question': ['333']}>
DEBUG 2023-02-02 13:50:11,953 form IS VALID
DEBUG 2023-02-02 13:50:11,968 saved form form-0
DEBUG 2023-02-02 13:50:11,971 did not save form form-1
DEBUG 2023-02-02 13:50:11,972 option is None, multi is <QuerySet []>
DEBUG 2023-02-02 13:50:11,985 saved form form-2
DEBUG 2023-02-02 13:50:11,987 did not save form form-3
DEBUG 2023-02-02 13:50:11,989 option is None, multi is <QuerySet []>
DEBUG 2023-02-02 14:41:31,664 form post from struan@mysociety.org for Aberdeenshire Council/Biodiversity
DEBUG 2023-02-02 14:41:31,666 post data is <QueryDict: {'csrfmiddlewaretoken': ['FlvJxKjaiXeRbSr44ZYro8FyEu4rduJlwgunj3lhfk2Igj9zUvigysc9fAJJhrgD'], 'form-TOTAL_FORMS': ['4'], 'form-INITIAL_FORMS': ['4'], 'form-MIN_NUM_FORMS': ['0'], 'form-MAX_NUM_FORMS': ['1000'], 'form-0-option': ['89'], 'form-0-page_number': [''], 'form-0-evidence': [''], 'form-0-public_notes': [''], 'form-0-private_notes': ['adfasdfasdfads'], 'form-0-authority': ['2'], 'form-0-question': ['327'], 'form-1-option': [''], 'form-1-page_number': [''], 'form-1-evidence': [''], 'form-1-public_notes': [''], 'form-1-private_notes': [''], 'form-1-authority': ['2'], 'form-1-question': ['329'], 'form-2-option': ['92'], 'form-2-page_number': ['1'], 'form-2-evidence': ['asdf'], 'form-2-public_notes': ['adsf'], 'form-2-private_notes': ['adsf'], 'form-2-authority': ['2'], 'form-2-question': ['330'], 'form-3-option': [''], 'form-3-page_number': [''], 'form-3-evidence': [''], 'form-3-public_notes': [''], 'form-3-private_notes': [''], 'form-3-authority': ['2'], 'form-3-question': ['333']}>
DEBUG 2023-02-02 14:41:31,734 form IS VALID
DEBUG 2023-02-02 14:41:31,746 saved form form-0
DEBUG 2023-02-02 14:41:31,748 did not save form form-1
DEBUG 2023-02-02 14:41:31,749 option is None, multi is <QuerySet []>
DEBUG 2023-02-02 14:41:31,759 saved form form-2
DEBUG 2023-02-02 14:41:31,760 did not save form form-3
DEBUG 2023-02-02 14:41:31,762 option is None, multi is <QuerySet []>
